<?xml version="1.0" encoding="UTF-8"?>
<!-- Generated by org.testng.reporters.JUnitReportReporter -->
<testsuite hostname="admin-PC" name="ApplicationDataTest.RunnerTest" tests="1" failures="0" timestamp="10 Sep 2018 18:32:45 GMT" time="5.403" errors="0">
  <testcase name="run_cukes" time="5.403" classname="ApplicationDataTest.RunnerTest"/>
</testsuite> <!-- ApplicationDataTest.RunnerTest -->
